<?xml version="1.0" encoding="UTF-8"?>
<!-- Generated by org.testng.reporters.JUnitXMLReporter -->
<testsuite hostname="PG014UCR" name="New Computer Addition" tests="3" failures="0" timestamp="4 Sep 2018 16:54:31 GMT" time="44.668" errors="0">
  <testcase name="@BeforeMethod openWebSite" time="0.0" classname="com.growthengineering.Scenario2_Contact_Us_Form_Validations">
    <failure type="org.openqa.selenium.NoSuchWindowException" message="Browsing context has been discarded
Build info: version: &amp;apos;3.4.0&amp;apos;, revision: &amp;apos;unknown&amp;apos;, time: &amp;apos;unknown&amp;apos;
System info: host: &amp;apos;PG014UCR&amp;apos;, ip: &amp;apos;10.0.75.1&amp;apos;, os.name: &amp;apos;Windows 10&amp;apos;, os.arch: &amp;apos;amd64&amp;apos;, os.version: &amp;apos;10.0&amp;apos;, java.version: &amp;apos;1.8.0_60&amp;apos;
Driver info: org.openqa.selenium.firefox.FirefoxDriver
Capabilities [{moz:profile=C:\Users\hiteshg\AppData\Local\Temp\rust_mozprofile.bcWhKKxMWtd8, rotatable=false, timeouts={implicit=0.0, pageLoad=300000.0, script=30000.0}, pageLoadStrategy=normal, moz:headless=false, platform=ANY, moz:accessibilityChecks=false, moz:useNonSpecCompliantPointerOrigin=false, acceptInsecureCerts=false, browserVersion=61.0.2, platformVersion=10.0, moz:processID=7936.0, browserName=firefox, javascriptEnabled=true, platformName=windows_nt, moz:webdriverClick=true}]
Session ID: 08c7a533-2da4-48a0-bfb5-e0d2b5bc5dd4">
      <![CDATA[org.openqa.selenium.NoSuchWindowException: Browsing context has been discarded
Build info: version: '3.4.0', revision: 'unknown', time: 'unknown'
System info: host: 'PG014UCR', ip: '10.0.75.1', os.name: 'Windows 10', os.arch: 'amd64', os.version: '10.0', java.version: '1.8.0_60'
Driver info: org.openqa.selenium.firefox.FirefoxDriver
Capabilities [{moz:profile=C:\Users\hiteshg\AppData\Local\Temp\rust_mozprofile.bcWhKKxMWtd8, rotatable=false, timeouts={implicit=0.0, pageLoad=300000.0, script=30000.0}, pageLoadStrategy=normal, moz:headless=false, platform=ANY, moz:accessibilityChecks=false, moz:useNonSpecCompliantPointerOrigin=false, acceptInsecureCerts=false, browserVersion=61.0.2, platformVersion=10.0, moz:processID=7936.0, browserName=firefox, javascriptEnabled=true, platformName=windows_nt, moz:webdriverClick=true}]
Session ID: 08c7a533-2da4-48a0-bfb5-e0d2b5bc5dd4
	at org.openqa.selenium.remote.http.W3CHttpResponseCodec.createException(W3CHttpResponseCodec.java:150)
	at org.openqa.selenium.remote.http.W3CHttpResponseCodec.decode(W3CHttpResponseCodec.java:115)
	at org.openqa.selenium.remote.http.W3CHttpResponseCodec.decode(W3CHttpResponseCodec.java:45)
	at org.openqa.selenium.remote.HttpCommandExecutor.execute(HttpCommandExecutor.java:164)
	at org.openqa.selenium.remote.service.DriverCommandExecutor.execute(DriverCommandExecutor.java:82)
	at org.openqa.selenium.remote.RemoteWebDriver.execute(RemoteWebDriver.java:637)
	at org.openqa.selenium.remote.RemoteWebDriver.execute(RemoteWebDriver.java:694)
	at org.openqa.selenium.remote.RemoteWebDriver$RemoteWebDriverOptions$RemoteWindow.maximize(RemoteWebDriver.java:925)
	at BaseSetUp.BaseSetUp.browserSetUp(BaseSetUp.java:17)
	at com.growthengineering.Scenario2_Contact_Us_Form_Validations.openWebSite(Scenario2_Contact_Us_Form_Validations.java:37)
... Removed 30 stack frames]]>
    </failure>
  </testcase> <!-- @BeforeMethod openWebSite -->
  <testcase name="@AfterMethod tearDown" time="0.0" classname="com.growthengineering.Scenario2_Contact_Us_Form_Validations">
    <skipped/>
  </testcase> <!-- @AfterMethod tearDown -->
  <testcase name="@BeforeMethod openWebSite" time="0.0" classname="com.growthengineering.Scenario2_Contact_Us_Form_Validations">
    <skipped/>
  </testcase> <!-- @BeforeMethod openWebSite -->
  <testcase name="@AfterMethod tearDown" time="0.0" classname="com.growthengineering.Scenario2_Contact_Us_Form_Validations">
    <skipped/>
  </testcase> <!-- @AfterMethod tearDown -->
  <testcase name="validateMandatoryDropDownValue" time="13.192" classname="com.growthengineering.Scenario2_Contact_Us_Form_Validations"/>
  <testcase name="validateMandatoryFirstName" time="0.001" classname="com.growthengineering.Scenario2_Contact_Us_Form_Validations">
    <skipped/>
  </testcase> <!-- validateMandatoryFirstName -->
  <testcase name="validate_GenericValidationMsg" time="0.001" classname="com.growthengineering.Scenario2_Contact_Us_Form_Validations">
    <skipped/>
  </testcase> <!-- validate_GenericValidationMsg -->
</testsuite> <!-- New Computer Addition -->
